<?xml version="1.0" encoding="UTF-8"?>
<!-- Generated by org.testng.reporters.JUnitReportReporter -->
<testsuite skipped="0" hostname="LAPTOP-15N4ONKA" name="qaclickacademy.AppiumTest" tests="1" failures="0" timestamp="12 Nov 2018 14:31:22 GMT" time="0.016" errors="0">
  <testcase name="PostAppium" time="0.016" classname="qaclickacademy.AppiumTest"/>
</testsuite> <!-- qaclickacademy.AppiumTest -->
