<?xml version="1.0" encoding="UTF-8"?>
<!-- Generated by org.testng.reporters.JUnitReportReporter -->
<testsuite skipped="0" hostname="LAPTOP-15N4ONKA" name="qaclickacademy.SeleniumTest" tests="4" failures="0" timestamp="12 Nov 2018 14:31:22 GMT" time="0.000" errors="0">
  <testcase name="Perl" time="0.000" classname="qaclickacademy.SeleniumTest"/>
  <testcase name="BrowserAutomation" time="0.000" classname="qaclickacademy.SeleniumTest"/>
  <testcase name="Python" time="0.000" classname="qaclickacademy.SeleniumTest"/>
  <testcase name="Selenium" time="0.000" classname="qaclickacademy.SeleniumTest"/>
</testsuite> <!-- qaclickacademy.SeleniumTest -->
